<?xml version="1.0" encoding="UTF-8"?>
<testng-results skipped="0" failed="0" ignored="0" total="2" passed="2">
  <reporter-output>
  </reporter-output>
  <suite name="Default suite" duration-ms="19724" started-at="2018-10-22T07:22:31Z" finished-at="2018-10-22T07:22:50Z">
    <groups>
    </groups>
    <test name="Default test" duration-ms="19724" started-at="2018-10-22T07:22:31Z" finished-at="2018-10-22T07:22:50Z">
      <class name="test.TestCasesForgotPassTest">
        <test-method status="PASS" signature="OpenBrowser()[pri:0, instance:test.TestCasesForgotPassTest@49b2a47d]" name="OpenBrowser" is-config="true" duration-ms="7762" started-at="2018-10-22T07:22:31Z" finished-at="2018-10-22T07:22:38Z">
          <reporter-output>
          </reporter-output>
        </test-method> <!-- OpenBrowser -->
        <test-method status="PASS" signature="ForGotPassUsingRegEmail()[pri:1, instance:test.TestCasesForgotPassTest@49b2a47d]" name="ForGotPassUsingRegEmail" duration-ms="4532" started-at="2018-10-22T07:22:38Z" finished-at="2018-10-22T07:22:43Z">
          <reporter-output>
          </reporter-output>
        </test-method> <!-- ForGotPassUsingRegEmail -->
        <test-method status="PASS" signature="ForGotPassUsingNonRegEmail()[pri:2, instance:test.TestCasesForgotPassTest@49b2a47d]" name="ForGotPassUsingNonRegEmail" duration-ms="7389" started-at="2018-10-22T07:22:43Z" finished-at="2018-10-22T07:22:50Z">
          <reporter-output>
          </reporter-output>
        </test-method> <!-- ForGotPassUsingNonRegEmail -->
      </class> <!-- test.TestCasesForgotPassTest -->
    </test> <!-- Default test -->
  </suite> <!-- Default suite -->
</testng-results>
