<?xml version="1.0" encoding="UTF-8"?>
<testng-results skipped="0" failed="0" ignored="0" total="3" passed="3">
  <reporter-output>
  </reporter-output>
  <suite name="Default suite" duration-ms="14751" started-at="2018-11-13T11:49:15Z" finished-at="2018-11-13T11:49:30Z">
    <groups>
    </groups>
    <test name="Default test" duration-ms="14751" started-at="2018-11-13T11:49:15Z" finished-at="2018-11-13T11:49:30Z">
      <class name="test.TestCasesOfLatestPostDetails">
        <test-method status="PASS" signature="OpenBrowser()[pri:0, instance:test.TestCasesOfLatestPostDetails@49b2a47d]" name="OpenBrowser" is-config="true" duration-ms="14624" started-at="2018-11-13T11:49:15Z" finished-at="2018-11-13T11:49:30Z">
          <reporter-output>
          </reporter-output>
        </test-method> <!-- OpenBrowser -->
        <test-method status="PASS" signature="CheckImageOnLatestPostDetailsPage()[pri:1, instance:test.TestCasesOfLatestPostDetails@49b2a47d]" name="CheckImageOnLatestPostDetailsPage" duration-ms="39" started-at="2018-11-13T11:49:30Z" finished-at="2018-11-13T11:49:30Z">
          <reporter-output>
          </reporter-output>
        </test-method> <!-- CheckImageOnLatestPostDetailsPage -->
        <test-method status="PASS" signature="CheckHeaderOnLatestPostDetailsPage()[pri:2, instance:test.TestCasesOfLatestPostDetails@49b2a47d]" name="CheckHeaderOnLatestPostDetailsPage" duration-ms="28" started-at="2018-11-13T11:49:30Z" finished-at="2018-11-13T11:49:30Z">
          <reporter-output>
          </reporter-output>
        </test-method> <!-- CheckHeaderOnLatestPostDetailsPage -->
        <test-method status="PASS" signature="CheckParagraphOnLatestPostDetailsPage()[pri:3, instance:test.TestCasesOfLatestPostDetails@49b2a47d]" name="CheckParagraphOnLatestPostDetailsPage" duration-ms="31" started-at="2018-11-13T11:49:30Z" finished-at="2018-11-13T11:49:30Z">
          <reporter-output>
          </reporter-output>
        </test-method> <!-- CheckParagraphOnLatestPostDetailsPage -->
      </class> <!-- test.TestCasesOfLatestPostDetails -->
    </test> <!-- Default test -->
  </suite> <!-- Default suite -->
</testng-results>
