<?xml version="1.0" encoding="UTF-8"?>
<!-- Generated by org.testng.reporters.JUnitXMLReporter -->
<testsuite hostname="Gate6-70" ignored="0" name="Default test" tests="3" failures="0" timestamp="13 Nov 2018 11:49:30 GMT" time="14.751" errors="0">
  <testcase name="CheckImageOnLatestPostDetailsPage" time="0.039" classname="test.TestCasesOfLatestPostDetails"/>
  <testcase name="CheckHeaderOnLatestPostDetailsPage" time="0.028" classname="test.TestCasesOfLatestPostDetails"/>
  <testcase name="CheckParagraphOnLatestPostDetailsPage" time="0.031" classname="test.TestCasesOfLatestPostDetails"/>
</testsuite> <!-- Default test -->
